app/seeds.txt
com.rezito.model.ResNoti: java.lang.String responseMsg
com.rezito.activity.HomeActivity
com.rezito.model.Address: java.lang.String pincode
com.rezito.model.BannerItem: java.lang.String cid
com.rezito.model.Product: java.lang.String mResult
com.rezito.model.Couponlist: java.lang.String mCDesc
com.rezito.fragment.HomeFragment_ViewBinding: HomeFragment_ViewBinding(com.rezito.fragment.HomeFragment,android.view.View)
com.rezito.activity.ItemDetailsActivity_ViewBinding
com.rezito.model.Address: java.lang.String name
com.rezito.model.WalletHistry: java.lang.String responseMsg
com.rezito.model.Noti: java.lang.String date
com.rezito.model.ResultHome: java.util.List bannerItems
com.rezito.model.Times: java.lang.String mResult
com.rezito.model.WalletHistry: java.util.List data
com.rezito.model.Address
com.rezito.utils.AutoScrollViewPager: long getInterval()
com.rezito.activity.TramsAndConditionActivity_ViewBinding: TramsAndConditionActivity_ViewBinding(com.rezito.activity.TramsAndConditionActivity,android.view.View)
com.rezito.MyApplication: MyApplication()
com.rezito.model.ReletedProduct: java.lang.String mResult
com.rezito.model.ProductItem: int mqty
com.rezito.model.Category: java.util.List mData
com.rezito.activity.WalletActivity_ViewBinding: WalletActivity_ViewBinding(com.rezito.activity.WalletActivity,android.view.View)
com.rezito.activity.NotificationActivity_ViewBinding
com.rezito.model.Product
com.rezito.model.Productinfo: java.lang.String mProductPrice
com.rezito.model.RestResponse: java.lang.String refercredit
com.rezito.activity.ItemDetailsActivity: ItemDetailsActivity()
com.rezito.model.ProductItem
com.rezito.activity.AboutsActivity_ViewBinding
com.rezito.utils.AutoScrollViewPager: void setAutoScrollDurationFactor(double)
com.rezito.model.Noti: java.lang.String title
com.rezito.model.Home: java.lang.String mResponseMsg
com.rezito.activity.PrivecyPolicyActivity
com.rezito.fragment.OrderSumrryFragment_ViewBinding: OrderSumrryFragment_ViewBinding(com.rezito.fragment.OrderSumrryFragment,android.view.View)
com.rezito.activity.ReferlActivity
com.rezito.model.Order
com.rezito.model.TimeDatum: java.lang.String mMaxtime
com.rezito.model.AddressData: java.lang.String mResponseMsg
com.rezito.model.AreaD: java.lang.String status
com.rezito.model.Coupon
com.rezito.model.CatItem: java.lang.String mCatimg
com.rezito.utils.AutoScrollViewPager
com.rezito.model.ProductItem: java.lang.String productRelatedImage
com.rezito.activity.MyOrderListActivity_ViewBinding
com.rezito.activity.HomeActivity: void delete_acc_link(android.view.View)
com.rezito.activity.PopRatesActivity
com.rezito.model.AddressData
com.rezito.activity.WallateHistryActivity
com.rezito.model.RestResponse: java.lang.String code
com.rezito.activity.MyOrderListActivity
com.rezito.model.AreaD
com.rezito.fragment.CardFragment$ItemAdp$ViewHolder_ViewBinding
com.rezito.fragment.PlaceOrderFragment_ViewBinding
com.rezito.model.HistryItem: java.lang.String uid
com.rezito.utils.AutoScrollViewPager: AutoScrollViewPager(android.content.Context)
com.rezito.fragment.AddressFragment$SelectAdrsAdapter$ViewHolder_ViewBinding: AddressFragment$SelectAdrsAdapter$ViewHolder_ViewBinding(com.rezito.fragment.AddressFragment$SelectAdrsAdapter$ViewHolder,android.view.View)
com.rezito.model.ProductItem: java.lang.String mProductName
com.rezito.activity.ReferlActivity_ViewBinding
com.rezito.model.User
com.rezito.activity.PaypalActivity: PaypalActivity()
com.rezito.activity.FirstActivity: FirstActivity()
com.rezito.model.ResultHome: int remainNotification
com.rezito.model.Category: java.lang.String mResult
com.rezito.adepter.ItemAdp$ViewHolder_ViewBinding: ItemAdp$ViewHolder_ViewBinding(com.rezito.adepter.ItemAdp$ViewHolder,android.view.View)
com.rezito.model.AreaD: java.lang.String name
com.rezito.activity.FeedBackActivity: FeedBackActivity()
com.rezito.MainActivity
com.rezito.activity.ForgotActivity
com.rezito.model.Flashsalelist: java.lang.String name
com.rezito.model.MyOrder: java.lang.String mOrderid
...
com.razorpay.RzpTokenReceiver
androidx.appcompat.R$attr: int ratingBarStyle
com.merhold.extensiblepageindicator.R$styleable: int AppCompatTheme_buttonBarNeutralButtonStyle
androidx.appcompat.widget.Toolbar: void setCollapseContentDescription(int)
com.google.android.material.chip.Chip: void setChipIconVisible(boolean)
com.google.android.material.R$styleable: int LinearLayoutCompat_android_baselineAligned
com.razorpay.R$style: int TextAppearance_Compat_Notification_Line2_Media
com.razorpay.R$style: int Widget_AppCompat_Light_ActionBar_TabText
com.google.android.material.tabs.TabLayout: void setSelectedTabIndicator(int)
com.google.android.material.R$attr: int bottomNavigationStyle
com.google.android.material.R$color: int abc_secondary_text_material_dark
com.google.android.material.R$style: int Theme_AppCompat_Light
com.google.android.material.R$style: int TextAppearance_AppCompat_Body1
com.kofigyan.stateprogressbar.R$styleable: int DrawerArrowToggle_color
com.google.android.gms.internal.measurement.zzbs$zzd: long zze
com.google.android.material.R$style: int Base_MaterialAlertDialog_MaterialComponents_Title_Icon
com.google.android.material.R$styleable: int ViewBackgroundHelper_backgroundTintMode
com.razorpay.R$dimen: int compat_control_corner_material
com.google.android.gms.base.R$string: int common_google_play_services_update_title
com.google.firebase.analytics.FirebaseAnalytics
androidx.appcompat.R$styleable: int LinearLayoutCompat_android_baselineAligned
com.google.android.material.R$dimen: int mtrl_extended_fab_translation_z_hovered_focused
com.razorpay.G__G_: int read()
com.google.android.material.R$attr: int colorOnSurface
com.razorpay.Y$_o$: boolean d__1_(com.razorpay.Y$_o$)
androidx.recyclerview.widget.RecyclerView: boolean dispatchNestedPreFling(float,float)
com.onesignal.JobIntentService$CommandProcessor: java.lang.Void doInBackground(java.lang.Void[])
androidx.cardview.R$attr: int contentPaddingTop
com.razorpay.B$$W$: android.webkit.WebView G__G_
com.merhold.extensiblepageindicator.R$dimen: int abc_floating_window_z
androidx.appcompat.R$id: int accessibility_custom_action_6
androidx.appcompat.widget.AppCompatSpinner
androidx.appcompat.widget.LinearLayoutCompat: LinearLayoutCompat(android.content.Context,android.util.AttributeSet,int)
com.razorpay.PluginOtpElfCheckoutPresenterImpl: void handleCardSaving()
com.google.android.material.circularreveal.CircularRevealFrameLayout: android.graphics.drawable.Drawable getCircularRevealOverlayDrawable()
com.razorpay.R$styleable: int ActionBar_height
com.merhold.extensiblepageindicator.R$styleable: int AppCompatTheme_viewInflaterClass
com.razorpay.R$dimen: int compat_button_inset_vertical_material
com.razorpay.R$styleable: int ActionBar_title
androidx.recyclerview.widget.RecyclerView: android.graphics.Rect getItemDecorInsetsForChild(android.view.View)
com.onesignal.UpgradeReceiver
androidx.recyclerview.widget.RecyclerView: boolean mItemsChanged
com.razorpay.R$styleable: int AppCompatTheme_textAppearanceSearchResultTitle
com.google.android.material.R$style: int Widget_AppCompat_SearchView
com.google.android.material.R$styleable: int AppCompatTheme_actionOverflowButtonStyle
com.google.android.material.R$color: int mtrl_btn_bg_color_selector
com.google.firebase.auth.GithubAuthCredential: android.os.Parcelable$Creator CREATOR
androidx.appcompat.view.menu.ListMenuItemView: void setSubMenuArrowVisible(boolean)
com.merhold.extensiblepageindicator.R$color: int abc_background_cache_hint_selector_material_dark
androidx.constraintlayout.widget.R$styleable: int ConstraintLayout_Layout_layout_constraintHorizontal_weight
com.razorpay.R$dimen: int abc_alert_dialog_button_bar_height
com.razorpay.CircularProgressView: int E$_j$
com.razorpay.Checkout$Builder: int Q_$2$
com.google.android.gms.internal.measurement.zzbs$zze: double zzh
com.kofigyan.stateprogressbar.R$styleable: int[] MenuItem
com.razorpay.BaseConstants: java.lang.String UPI_URL_SCHEMA