app/unused.txt
com.rezito.model.Payment:
    public void setData(java.util.List)
    public java.lang.String getResponseCode()
    public void setResponseCode(java.lang.String)
    public java.lang.String getResponseMsg()
    public void setResponseMsg(java.lang.String)
    public java.lang.String getResult()
    public void setResult(java.lang.String)
com.rezito.activity.NotificationActivity_ViewBinding:
    public void <init>(com.rezito.activity.NotificationActivity)
com.rezito.activity.ReferlActivity_ViewBinding:
    public void <init>(com.rezito.activity.ReferlActivity)
com.rezito.model.UpdateAddress:
    public void setAddress(com.rezito.model.Address)
    public java.lang.String getResponseCode()
    public void setResponseCode(java.lang.String)
    public void setResponseMsg(java.lang.String)
    public void setResult(java.lang.String)
com.rezito.model.TimeDatum:
    public java.lang.String getId()
    public void setId(java.lang.String)
    public void setMaxtime(java.lang.String)
    public void setMintime(java.lang.String)
com.rezito.R$attr
com.rezito.R$plurals
com.rezito.activity.WalletActivity_ViewBinding:
    public void <init>(com.rezito.activity.WalletActivity)
com.rezito.model.RestResponse:
    public java.lang.String getResponseCode()
    public void setResponseCode(java.lang.String)
    public void setResponseMsg(java.lang.String)
    public void setResult(java.lang.String)
    public void setWallet(java.lang.String)
    public void setCode(java.lang.String)
    public void setSignupcredit(java.lang.String)
    public void setRefercredit(java.lang.String)
com.rezito.model.MainDataHome:
    public void setTax(java.lang.String)
    public void setContactUs(java.lang.String)
    public void setRazKey(java.lang.String)
    public void setCurrency(java.lang.String)
    public void setPrivacyPolicy(java.lang.String)
    public void setAboutUs(java.lang.String)
    public void setoMin(int)
    public void setTerms(java.lang.String)
    public void setMaintaince(int)
com.rezito.activity.PaypalActivity:
    private static final int REQUEST_CODE_PAYMENT
    private static final int REQUEST_CODE_FUTURE_PAYMENT
    private static final int REQUEST_CODE_PROFILE_SHARING
com.rezito.model.Price:
    public void setProductPrice(java.lang.String)
    public void setProductType(java.lang.String)
com.rezito.model.Times:
    public void setData(java.util.List)
    public java.lang.String getResponseCode()
    public void setResponseCode(java.lang.String)
    public java.lang.String getResponseMsg()
    public void setResponseMsg(java.lang.String)
    public java.lang.String getResult()
    public void setResult(java.lang.String)
com.rezito.utils.LoopingCirclePageIndicator
com.rezito.activity.WallateHistryActivity_ViewBinding:
    public void <init>(com.rezito.activity.WallateHistryActivity)
com.rezito.activity.ChanegPasswordActivity_ViewBinding:
    public void <init>(com.rezito.activity.ChanegPasswordActivity)
com.rezito.activity.ForgotActivity_ViewBinding:
    public void <init>(com.rezito.activity.ForgotActivity)
com.rezito.activity.ItemDetailsActivity_ViewBinding:
    public void <init>(com.rezito.activity.ItemDetailsActivity)
com.rezito.model.Coupon:
    public void setCouponlist(java.util.List)
    public java.lang.String getResponseCode()
    public void setResponseCode(java.lang.String)
    public java.lang.String getResponseMsg()
    public void setResponseMsg(java.lang.String)
    public void setResult(java.lang.String)
com.rezito.R$raw
com.rezito.activity.RatesActivity_ViewBinding:
    public void <init>(com.rezito.activity.RatesActivity)
com.rezito.model.Product:
    public void setData(java.util.List)
    public java.lang.String getResponseCode()
    public void setResponseCode(java.lang.String)
    public void setResponseMsg(java.lang.String)
    public void setResult(java.lang.String)
...
androidx.transition.GhostViewPort$1
androidx.slidingpanelayout.widget.SlidingPaneLayout
com.google.android.gms.internal.base.zai
com.google.android.gms.internal.firebase_auth.zzgk
okio.Buffer$UnsafeCursor
androidx.core.provider.FontsContractCompat$4$4
com.google.android.gms.internal.firebase_auth.zzp$zzt
com.google.firebase.auth.FirebaseAuthSettings:
    public abstract void setAutoRetrievedSmsCodeForPhoneNumber(java.lang.String,java.lang.String)
com.bumptech.glide.load.engine.GlideException:
    public java.lang.Exception getOrigin()
    private static final long serialVersionUID
com.onesignal.shortcutbadger.impl.AsusHomeBadger:
    private static final java.lang.String INTENT_ACTION
    private static final java.lang.String INTENT_EXTRA_BADGE_COUNT
    private static final java.lang.String INTENT_EXTRA_PACKAGENAME
    private static final java.lang.String INTENT_EXTRA_ACTIVITY_NAME
android.support.v4.media.MediaBrowserCompatApi26$SubscriptionCallbackProxy
butterknife.runtime.R$id
androidx.annotation.FloatRange
com.google.android.material.R
androidx.appcompat.graphics.drawable.DrawerArrowDrawable$ArrowDirection
com.google.android.gms.dynamic.IFragmentWrapper
com.google.android.gms.common.data.zac
com.google.android.gms.common.api.DataBufferResponse
com.google.android.material.snackbar.ContentViewCallback
android.support.v4.media.MediaBrowserCompat$ItemReceiver:
    void <init>(java.lang.String,android.support.v4.media.MediaBrowserCompat$ItemCallback,android.os.Handler)
androidx.fragment.app.FragmentTabHost
androidx.viewpager2.R$styleable
com.google.android.gms.tasks.zze:
    public final void cancel()
com.google.firebase.FirebaseAppLifecycleListener
com.google.android.material.datepicker.MaterialDatePicker$2
com.bumptech.glide.util.MarkEnforcingInputStream:
    private static final int UNSET
    private static final int END_OF_STREAM
com.google.android.gms.common.api.internal.zaca
androidx.viewpager2.adapter.FragmentStateAdapter:
    public void <init>(androidx.fragment.app.FragmentActivity)
    public void <init>(androidx.fragment.app.Fragment)
    public void <init>(androidx.fragment.app.FragmentManager,androidx.lifecycle.Lifecycle)
    private boolean isFragmentViewBound(long)
    private java.lang.Long itemForViewHolder(int)
    private void ensureFragment(int)
    private void scheduleViewAttach(androidx.fragment.app.Fragment,android.widget.FrameLayout)
    private void removeFragment(long)
    private void scheduleGracePeriodEnd()
    private static java.lang.String createKey(java.lang.String,long)
    private static boolean isValidKey(java.lang.String,java.lang.String)
    private static long parseIdFromKey(java.lang.String,java.lang.String)
    public void onAttachedToRecyclerView(androidx.recyclerview.widget.RecyclerView)
    public void onDetachedFromRecyclerView(androidx.recyclerview.widget.RecyclerView)
    public abstract androidx.fragment.app.Fragment createFragment(int)
    public final androidx.viewpager2.adapter.FragmentViewHolder onCreateViewHolder(android.view.ViewGroup,int)
    public final void onBindViewHolder(androidx.viewpager2.adapter.FragmentViewHolder,int)
    void gcFragments()
    public final void onViewAttachedToWindow(androidx.viewpager2.adapter.FragmentViewHolder)
    void addViewToContainer(android.view.View,android.widget.FrameLayout)
androidx.recyclerview.widget.ItemTouchUIUtilImpl
com.google.android.gms.internal.firebase_auth.zzp$zza
android.support.v4.media.session.MediaControllerCompatApi23
com.google.android.material.snackbar.BaseTransientBottomBar$13
androidx.annotation.CheckResult
androidx.browser.customtabs.PostMessageService
butterknife.BindBitmap:
    public abstract int value()
com.google.android.material.floatingactionbutton.ExtendedFloatingActionButton$ChangeSizeStrategy
retrofit2.KotlinExtensions$awaitResponse$$inlined$suspendCancellableCoroutine$lambda$1:
    public synthetic bridge java.lang.Object invoke(java.lang.Object)
    public final void invoke(java.lang.Throwable)